ref,value,sheet number,sheet name,footprint,Field1,Field2
C1,.02uf,SM0805-C1,avx,08055C202KAT2A,quest,08055C202KAT2A
C10,470pf,SM0805-C1,Vishay,VJ0805A471JXAAT,quest,VJ0805A471JXAAT
C12,470pf,SM0805-C1,Vishay,VJ0805A471JXAAT,quest,VJ0805A471JXAAT
C13,.02uf,SM0805-C1,avx,08055C202KAT2A,quest,08055C202KAT2A
C14,470pf,SM0805-C1,Vishay,VJ0805A471JXAAT,quest,VJ0805A471JXAAT
C16,470pf,SM0805-C1,Vishay,VJ0805A471JXAAT,quest,VJ0805A471JXAAT
C17,.02uf,SM0805-C1,avx,08055C202KAT2A,quest,08055C202KAT2A
C18,470pf,SM0805-C1,Vishay,VJ0805A471JXAAT,quest,VJ0805A471JXAAT
C2,470pf,SM0805-C1,Vishay,VJ0805A471JXAAT,quest,VJ0805A471JXAAT
C20,470pf,SM0805-C1,Vishay,VJ0805A471JXAAT,quest,VJ0805A471JXAAT
C21,.02uf,SM0805-C1,avx,08055C202KAT2A,quest,08055C202KAT2A
C22,470pf,SM0805-C1,Vishay,VJ0805A471JXAAT,quest,VJ0805A471JXAAT
C24,470pf,SM0805-C1,Vishay,VJ0805A471JXAAT,quest,VJ0805A471JXAAT
C25,.02uf,SM0805-C1,avx,08055C202KAT2A,quest,08055C202KAT2A
C26,470pf,SM0805-C1,Vishay,VJ0805A471JXAAT,quest,VJ0805A471JXAAT
C27,1uf,SM0805-C1,avx,08053D105KAT2A,quest,08053D105KAT2A
C28,10uf,SM0805-C1,mutara,GRM40C0G202J050AL,quest,GRM40C0G202J050AL
C29,-uf,SM0805-C1,,
C30,22uf,SM0805-C1,avx,08056D226MAT2A,quest,08056D226MAT2A
C31,100pf,SM0805-C1,avx,08055A101JAT2A,quest,08055A101JAT2A
C32,-uf,SM0805-C1,,
C33,10uf,SM0805-C1,mutara,GRM40C0G202J050AL,quest,GRM40C0G202J050AL
C4,470pf,SM0805-C1,Vishay,VJ0805A471JXAAT,quest,VJ0805A471JXAAT
C5,.02uf,SM0805-C1,avx,08055C202KAT2A,quest,08055C202KAT2A
C6,470pf,SM0805-C1,Vishay,VJ0805A471JXAAT,quest,VJ0805A471JXAAT
C8,470pf,SM0805-C1,Vishay,VJ0805A471JXAAT,quest,VJ0805A471JXAAT
C9,.02uf,SM0805-C1,avx,08055C202KAT2A,quest,08055C202KAT2A
D1,DIODE,D4-SMB,stmicro,STPS340U,quest,STPS340U
D10,DIODE,D4-SMB,stmicro,STPS340U,quest,STPS340U
D11,DIODE,D4-SMB,stmicro,STPS340U,quest,STPS340U
D12,DIODE,D4-SMB,stmicro,STPS340U,quest,STPS340U
D13,DIODE,D4-SMB,stmicro,STPS340U,quest,STPS340U
D2,DIODE,D4-SMB,stmicro,STPS340U,quest,STPS340U
D3,DIODE,D4-SMB,stmicro,STPS340U,quest,STPS340U
D4,DIODE,D4-SMB,stmicro,STPS340U,quest,STPS340U
D5,DIODE,D4-SMB,stmicro,STPS340U,quest,STPS340U
D6,DIODE,D4-SMB,stmicro,STPS340U,quest,STPS340U
D7,DIODE,D4-SMB,stmicro,STPS340U,quest,STPS340U
D8,DIODE,D4-SMB,stmicro,STPS340U,quest,STPS340U
D9,DIODE,D4-SMB,stmicro,STPS340U,quest,STPS340U
P1,CONN_5,SIL-5,,
R1,383k,R4-SM0805,Vishay,CRCW0805383KFKTA,quest,CRCW0805383KFKTA
R2,604k,R4-SM0805,vishay,CRCW0805604KFKTA,quest,CRCW0805604KFKTA
R3,2k,R4-SM0805,Vishay,CRCW0805100RFKEA,quest,CRCW0805100RFKEA
U1,MPX4_MAP,MPX-4_MAP_2,,
U10,MPX4_MAP,MPX-4_MAP,,
U11,MPX4_MAP,MPX-4_MAP_2,,
U12,MPX4_MAP,MPX-4_MAP,,
U13,MPX4_MAP,MPX-4_MAP_2,,
U14,TL082CN,8DIP300,TI,TL082IDR,quest,TL082IDR
U15,78L05,TO220_VERT,on-semi,MC7805ACTG,newark,45J1442
U16,MAX1682,SOT23-5,Maxim,MAX1682EUK-T,summit,MAX1682EUK+T
U2,MPX4_MAP,MPX-4_MAP,,
U3,MPX4_MAP,MPX-4_MAP_2,,
U4,MPX4_MAP,MPX-4_MAP,,
U5,MPX4_MAP,MPX-4_MAP_2,,
U6,MPX4_MAP,MPX-4_MAP,,
U7,MPX4_MAP,MPX-4_MAP_2,,
U8,MPX4_MAP,MPX-4_MAP,,
U9,MPX4_MAP,MPX-4_MAP_2,,
U?,TL082CN,SO8E,,
